<?xml version="1.0" encoding="UTF-8"?>
<!-- Generated by org.testng.reporters.JUnitReportReporter -->
<testsuite hostname="DESKTOP-AV4TL8G" failures="0" tests="2" name="Tests.HomePageTest" time="4.819" errors="0" timestamp="20 Sep 2020 19:55:21 GMT" skipped="0">
  <testcase classname="Tests.HomePageTest" name="checkTitleOfHomePage" time="0.042"/>
  <testcase classname="Tests.HomePageTest" name="refreshActivity" time="4.777"/>
</testsuite> <!-- Tests.HomePageTest -->
