<?xml version="1.0" encoding="UTF-8"?>
<!-- Generated by org.testng.reporters.JUnitReportReporter -->
<testsuite hostname="DESKTOP-AV4TL8G" failures="0" tests="2" name="dockerSeleniumGrid.parallelTesting" time="89.582" errors="0" timestamp="21 Sep 2020 06:30:13 GMT" skipped="0">
  <testcase classname="dockerSeleniumGrid.parallelTesting" name="triggeringChromeBrowser" time="31.324"/>
  <testcase classname="dockerSeleniumGrid.parallelTesting" name="triggeringFireFoxBrowser" time="58.258"/>
</testsuite> <!-- dockerSeleniumGrid.parallelTesting -->
