<?xml version="1.0" encoding="UTF-8"?>
<!-- Generated by org.testng.reporters.JUnitReportReporter -->
<testsuite hostname="DESKTOP-AV4TL8G" failures="0" tests="2" name="Tests.HomePageTest" time="10.603" errors="0" timestamp="21 Sep 2020 06:30:13 GMT" skipped="0">
  <testcase classname="Tests.HomePageTest" name="checkTitleOfHomePage" time="0.214"/>
  <testcase classname="Tests.HomePageTest" name="refreshActivity" time="10.389"/>
</testsuite> <!-- Tests.HomePageTest -->
